[LOG] System::create                           : Header version = 2.02.03. Current version = 2.02.03.
[LOG] Manager::init                            : maxchannels = 256 studioflags = 00000006 flags 00000000 extradriverdata 0000000000000000.
[LOG] SystemI::init                            : Initialize version=20203 (120077), maxchannels=256, flags=0x00020000
[LOG] SystemI::setOutputInternal               : Setting output to 'FMOD WASAPI Output'
[LOG] OutputWASAPI::init                       : Mix Format (WAVEFORMATEX): wFormatTag=0xFFFE, nChannels=2, nSamplesPerSec=48000, nAvgBytesPerSec=384000, nBlockAlign=8, wBitsPerSample=32, cbSize=22.
[LOG] OutputWASAPI::init                       : Mix Format (WAVEFORMATEXTENSIBLE): wValidBitsPerSample=32, dwChannelMask=0x00000003, SubFormat=00000003-0000-0010-8000-00AA00389B71.
[LOG] OutputWASAPI::init                       : Output buffer size: 4096 samples, latency: 0.00ms, period: 10.67ms, DSP buffer: 1024 * 4
[LOG] Thread::initThread                       : Init FMOD stream thread. Affinity: 0x4000000000000003, Priority: 0xFFFF7FFB, Stack Size: 98304, Semaphore: No, Sleep Time: 10, Looping: Yes.
[LOG] Thread::initThread                       : Init FMOD mixer thread. Affinity: 0x4000000000000001, Priority: 0xFFFF7FFA, Stack Size: 81920, Semaphore: No, Sleep Time: 0, Looping: Yes.
[LOG] AsyncManager::init                       : manager 0000014305F7DE98 isAsync 0 updatePeriod 0.02
[LOG] AsyncManager::init                       : done
[LOG] PlaybackSystem::init                     : 
[LOG] Thread::initThread                       : Init FMOD Studio sample load thread. Affinity: 0x4000000000000003, Priority: 0xFFFF7FFD, Stack Size: 98304, Semaphore: No, Sleep Time: 1, Looping: No.
[LOG] PlaybackSystem::init                     : done
[LOG] Thread::initThread                       : Init FMOD Studio bank load thread. Affinity: 0x4000000000000003, Priority: 0xFFFF7FFD, Stack Size: 98304, Semaphore: No, Sleep Time: 1, Looping: No.
[LOG] Manager::init                            : done.
[LOG] Manager::readBank                        : fileversion = 141, compatVersion = 140 (oldest = 44, newest = 141)
[LOG] Manager::readBank                        : fileversion = 141, compatVersion = 140 (oldest = 44, newest = 141)
[LOG] Manager::readBank                        : fileversion = 141, compatVersion = 140 (oldest = 44, newest = 141)
[LOG] PlaybackSystem::acquireMasterBus         : Setting master channel group format to 6
[LOG] SystemI::createSoundInternal             : Create name='', mode=0x02000202
[LOG] SystemI::createSoundInternal             : exinfo->cbsize             = 224
[LOG] SystemI::createSoundInternal             : exinfo->length             = 57696
[LOG] SystemI::createSoundInternal             : exinfo->fileoffset         = 7776
[LOG] SystemI::createSoundInternal             : exinfo->numsubsounds       = 1
[LOG] SystemI::createSoundInternal             : exinfo->inclusionlist      = 00000027C347F508
[LOG] SystemI::createSoundInternal             : exinfo->inclusionlistnum   = 1
[LOG] SystemI::createSoundInternal             : exinfo->suggestedsoundtype = 5
[LOG] SystemI::createSoundInternal             : exinfo->useropen           = 00007FFD4C74F920
[LOG] SystemI::createSoundInternal             : exinfo->userclose          = 00007FFD4C74F8F0
[LOG] SystemI::createSoundInternal             : exinfo->userread           = 00007FFD4C74F9F0
[LOG] SystemI::createSoundInternal             : exinfo->userseek           = 00007FFD4C74FAB0
[LOG] SystemI::createSoundInternal             : exinfo->fileuserdata       = 000001421CA50098
[LOG] SystemI::createSoundInternal             : exinfo->initialseekpostype = 1
[LOG] SystemI::DSPCodecPoolRegister            : register codec pool for pool type 5
[LOG] SystemI::createSoundInternal             : Sample 0/1: name='Whoosh, Wood Stick, Heavy SND0419 3', format=5, channels=2, frequency=48000, lengthbytes=2656, lengthpcm=8536, pcmblocksize=0, loopstart=0, loopend=0, mode=0x00000000, channelmask=0x00000000, channelorder=0, peakvolume=0.919281.
[LOG] SystemI::createSoundInternal             : Create name='', mode=0x02000202
[LOG] SystemI::createSoundInternal             : exinfo->cbsize             = 224
[LOG] SystemI::createSoundInternal             : exinfo->length             = 57696
[LOG] SystemI::createSoundInternal             : exinfo->fileoffset         = 7776
[LOG] SystemI::createSoundInternal             : exinfo->numsubsounds       = 1
[LOG] SystemI::createSoundInternal             : exinfo->inclusionlist      = 00000027C347F508
[LOG] SystemI::createSoundInternal             : exinfo->inclusionlistnum   = 1
[LOG] SystemI::createSoundInternal             : exinfo->suggestedsoundtype = 5
[LOG] SystemI::createSoundInternal             : exinfo->useropen           = 00007FFD4C74F920
[LOG] SystemI::createSoundInternal             : exinfo->userclose          = 00007FFD4C74F8F0
[LOG] SystemI::createSoundInternal             : exinfo->userread           = 00007FFD4C74F9F0
[LOG] SystemI::createSoundInternal             : exinfo->userseek           = 00007FFD4C74FAB0
[LOG] SystemI::createSoundInternal             : exinfo->fileuserdata       = 000001421CA50098
[LOG] SystemI::createSoundInternal             : exinfo->initialseekpostype = 1
[LOG] SystemI::DSPCodecPoolRegister            : register codec pool for pool type 5
[LOG] SystemI::createSoundInternal             : Sample 0/1: name='Whoosh, Wood Stick, Heavy SND0419 2', format=5, channels=2, frequency=48000, lengthbytes=2656, lengthpcm=8721, pcmblocksize=0, loopstart=0, loopend=0, mode=0x00000000, channelmask=0x00000000, channelorder=0, peakvolume=0.534113.
[LOG] SystemI::createSoundInternal             : Create name='', mode=0x02000202
[LOG] SystemI::createSoundInternal             : exinfo->cbsize             = 224
[LOG] SystemI::createSoundInternal             : exinfo->length             = 57696
[LOG] SystemI::createSoundInternal             : exinfo->fileoffset         = 7776
[LOG] SystemI::createSoundInternal             : exinfo->numsubsounds       = 1
[LOG] SystemI::createSoundInternal             : exinfo->inclusionlist      = 00000027C347F508
[LOG] SystemI::createSoundInternal             : exinfo->inclusionlistnum   = 1
[LOG] SystemI::createSoundInternal             : exinfo->suggestedsoundtype = 5
[LOG] SystemI::createSoundInternal             : exinfo->useropen           = 00007FFD4C74F920
[LOG] SystemI::createSoundInternal             : exinfo->userclose          = 00007FFD4C74F8F0
[LOG] SystemI::createSoundInternal             : exinfo->userread           = 00007FFD4C74F9F0
[LOG] SystemI::createSoundInternal             : exinfo->userseek           = 00007FFD4C74FAB0
[LOG] SystemI::createSoundInternal             : exinfo->fileuserdata       = 000001421CA50098
[LOG] SystemI::createSoundInternal             : exinfo->initialseekpostype = 1
[LOG] SystemI::DSPCodecPoolRegister            : register codec pool for pool type 5
[LOG] SystemI::createSoundInternal             : Sample 0/1: name='Whoosh, Wood Stick, Heavy SND0419 1', format=5, channels=2, frequency=48000, lengthbytes=2272, lengthpcm=7608, pcmblocksize=0, loopstart=0, loopend=0, mode=0x00000000, channelmask=0x00000000, channelorder=0, peakvolume=0.364778.
[LOG] SystemI::createSoundInternal             : Create name='', mode=0x02000202
[LOG] SystemI::createSoundInternal             : exinfo->cbsize             = 224
[LOG] SystemI::createSoundInternal             : exinfo->length             = 57696
[LOG] SystemI::createSoundInternal             : exinfo->fileoffset         = 7776
[LOG] SystemI::createSoundInternal             : exinfo->numsubsounds       = 1
[LOG] SystemI::createSoundInternal             : exinfo->inclusionlist      = 00000027C347F508
[LOG] SystemI::createSoundInternal             : exinfo->inclusionlistnum   = 1
[LOG] SystemI::createSoundInternal             : exinfo->suggestedsoundtype = 5
[LOG] SystemI::createSoundInternal             : exinfo->useropen           = 00007FFD4C74F920
[LOG] SystemI::createSoundInternal             : exinfo->userclose          = 00007FFD4C74F8F0
[LOG] SystemI::createSoundInternal             : exinfo->userread           = 00007FFD4C74F9F0
[LOG] SystemI::createSoundInternal             : exinfo->userseek           = 00007FFD4C74FAB0
[LOG] SystemI::createSoundInternal             : exinfo->fileuserdata       = 000001421CA50098
[LOG] SystemI::createSoundInternal             : exinfo->initialseekpostype = 1
[LOG] SystemI::DSPCodecPoolRegister            : register codec pool for pool type 5
[LOG] SystemI::createSoundInternal             : Sample 0/1: name='Whoosh, Wood Stick, Heavy SND0419', format=5, channels=2, frequency=48000, lengthbytes=2656, lengthpcm=8536, pcmblocksize=0, loopstart=0, loopend=0, mode=0x00000000, channelmask=0x00000000, channelorder=0, peakvolume=0.272247.
[LOG] SystemI::createSoundInternal             : Create name='', mode=0x02000202
[LOG] SystemI::createSoundInternal             : exinfo->cbsize             = 224
[LOG] SystemI::createSoundInternal             : exinfo->length             = 57696
[LOG] SystemI::createSoundInternal             : exinfo->fileoffset         = 7776
[LOG] SystemI::createSoundInternal             : exinfo->numsubsounds       = 1
[LOG] SystemI::createSoundInternal             : exinfo->inclusionlist      = 00000027C347F508
[LOG] SystemI::createSoundInternal             : exinfo->inclusionlistnum   = 1
[LOG] SystemI::createSoundInternal             : exinfo->suggestedsoundtype = 5
[LOG] SystemI::createSoundInternal             : exinfo->useropen           = 00007FFD4C74F920
[LOG] SystemI::createSoundInternal             : exinfo->userclose          = 00007FFD4C74F8F0
[LOG] SystemI::createSoundInternal             : exinfo->userread           = 00007FFD4C74F9F0
[LOG] SystemI::createSoundInternal             : exinfo->userseek           = 00007FFD4C74FAB0
[LOG] SystemI::createSoundInternal             : exinfo->fileuserdata       = 000001421CA506C8
[LOG] SystemI::createSoundInternal             : exinfo->initialseekpostype = 1
[LOG] SystemI::DSPCodecPoolRegister            : register codec pool for pool type 5
[LOG] SystemI::createSoundInternal             : Sample 0/1: name='SpankLikeHit4', format=5, channels=2, frequency=48000, lengthbytes=4128, lengthpcm=29760, pcmblocksize=0, loopstart=0, loopend=0, mode=0x00000000, channelmask=0x00000000, channelorder=0, peakvolume=0.921448.
[LOG] SystemI::createSoundInternal             : Create name='', mode=0x02000202
[LOG] SystemI::createSoundInternal             : exinfo->cbsize             = 224
[LOG] SystemI::createSoundInternal             : exinfo->length             = 57696
[LOG] SystemI::createSoundInternal             : exinfo->fileoffset         = 7776
[LOG] SystemI::createSoundInternal             : exinfo->numsubsounds       = 1
[LOG] SystemI::createSoundInternal             : exinfo->inclusionlist      = 00000027C347F508
[LOG] SystemI::createSoundInternal             : exinfo->inclusionlistnum   = 1
[LOG] SystemI::createSoundInternal             : exinfo->suggestedsoundtype = 5
[LOG] SystemI::createSoundInternal             : exinfo->useropen           = 00007FFD4C74F920
[LOG] SystemI::createSoundInternal             : exinfo->userclose          = 00007FFD4C74F8F0
[LOG] SystemI::createSoundInternal             : exinfo->userread           = 00007FFD4C74F9F0
[LOG] SystemI::createSoundInternal             : exinfo->userseek           = 00007FFD4C74FAB0
[LOG] SystemI::createSoundInternal             : exinfo->fileuserdata       = 000001421CA506C8
[LOG] SystemI::createSoundInternal             : exinfo->initialseekpostype = 1
[LOG] SystemI::DSPCodecPoolRegister            : register codec pool for pool type 5
[LOG] SystemI::createSoundInternal             : Sample 0/1: name='SpankLikeHit2', format=5, channels=2, frequency=48000, lengthbytes=5216, lengthpcm=29760, pcmblocksize=0, loopstart=0, loopend=0, mode=0x00000000, channelmask=0x00000000, channelorder=0, peakvolume=0.922516.
[LOG] SystemI::createSoundInternal             : Create name='', mode=0x02000202
[LOG] SystemI::createSoundInternal             : exinfo->cbsize             = 224
[LOG] SystemI::createSoundInternal             : exinfo->length             = 57696
[LOG] SystemI::createSoundInternal             : exinfo->fileoffset         = 7776
[LOG] SystemI::createSoundInternal             : exinfo->numsubsounds       = 1
[LOG] SystemI::createSoundInternal             : exinfo->inclusionlist      = 00000027C347F508
[LOG] SystemI::createSoundInternal             : exinfo->inclusionlistnum   = 1
[LOG] SystemI::createSoundInternal             : exinfo->suggestedsoundtype = 5
[LOG] SystemI::createSoundInternal             : exinfo->useropen           = 00007FFD4C74F920
[LOG] SystemI::createSoundInternal             : exinfo->userclose          = 00007FFD4C74F8F0
[LOG] SystemI::createSoundInternal             : exinfo->userread           = 00007FFD4C74F9F0
[LOG] SystemI::createSoundInternal             : exinfo->userseek           = 00007FFD4C74FAB0
[LOG] SystemI::createSoundInternal             : exinfo->fileuserdata       = 000001421CA506C8
[LOG] SystemI::createSoundInternal             : exinfo->initialseekpostype = 1
[LOG] SystemI::DSPCodecPoolRegister            : register codec pool for pool type 5
[LOG] SystemI::createSoundInternal             : Sample 0/1: name='SpankLikeHit9', format=5, channels=2, frequency=48000, lengthbytes=4000, lengthpcm=29760, pcmblocksize=0, loopstart=0, loopend=0, mode=0x00000000, channelmask=0x00000000, channelorder=0, peakvolume=0.893372.
[LOG] SystemI::createSoundInternal             : Create name='', mode=0x02000202
[LOG] SystemI::createSoundInternal             : exinfo->cbsize             = 224
[LOG] SystemI::createSoundInternal             : exinfo->length             = 57696
[LOG] SystemI::createSoundInternal             : exinfo->fileoffset         = 7776
[LOG] SystemI::createSoundInternal             : exinfo->numsubsounds       = 1
[LOG] SystemI::createSoundInternal             : exinfo->inclusionlist      = 00000027C347F508
[LOG] SystemI::createSoundInternal             : exinfo->inclusionlistnum   = 1
[LOG] SystemI::createSoundInternal             : exinfo->suggestedsoundtype = 5
[LOG] SystemI::createSoundInternal             : exinfo->useropen           = 00007FFD4C74F920
[LOG] SystemI::createSoundInternal             : exinfo->userclose          = 00007FFD4C74F8F0
[LOG] SystemI::createSoundInternal             : exinfo->userread           = 00007FFD4C74F9F0
[LOG] SystemI::createSoundInternal             : exinfo->userseek           = 00007FFD4C74FAB0
[LOG] SystemI::createSoundInternal             : exinfo->fileuserdata       = 000001421CA506C8
[LOG] SystemI::createSoundInternal             : exinfo->initialseekpostype = 1
[LOG] SystemI::DSPCodecPoolRegister            : register codec pool for pool type 5
[LOG] SystemI::createSoundInternal             : Sample 0/1: name='SpankLikeHit3', format=5, channels=2, frequency=48000, lengthbytes=4096, lengthpcm=29760, pcmblocksize=0, loopstart=0, loopend=0, mode=0x00000000, channelmask=0x00000000, channelorder=0, peakvolume=0.943604.
[LOG] SystemI::createSoundInternal             : Create name='', mode=0x02000202
[LOG] SystemI::createSoundInternal             : exinfo->cbsize             = 224
[LOG] SystemI::createSoundInternal             : exinfo->length             = 57696
[LOG] SystemI::createSoundInternal             : exinfo->fileoffset         = 7776
[LOG] SystemI::createSoundInternal             : exinfo->numsubsounds       = 1
[LOG] SystemI::createSoundInternal             : exinfo->inclusionlist      = 00000027C347F508
[LOG] SystemI::createSoundInternal             : exinfo->inclusionlistnum   = 1
[LOG] SystemI::createSoundInternal             : exinfo->suggestedsoundtype = 5
[LOG] SystemI::createSoundInternal             : exinfo->useropen           = 00007FFD4C74F920
[LOG] SystemI::createSoundInternal             : exinfo->userclose          = 00007FFD4C74F8F0
[LOG] SystemI::createSoundInternal             : exinfo->userread           = 00007FFD4C74F9F0
[LOG] SystemI::createSoundInternal             : exinfo->userseek           = 00007FFD4C74FAB0
[LOG] SystemI::createSoundInternal             : exinfo->fileuserdata       = 000001421CA506C8
[LOG] SystemI::createSoundInternal             : exinfo->initialseekpostype = 1
[LOG] SystemI::DSPCodecPoolRegister            : register codec pool for pool type 5
[LOG] SystemI::createSoundInternal             : Sample 0/1: name='SpankLikeHit1', format=5, channels=2, frequency=48000, lengthbytes=6240, lengthpcm=29760, pcmblocksize=0, loopstart=0, loopend=0, mode=0x00000000, channelmask=0x00000000, channelorder=0, peakvolume=0.826233.
[LOG] SystemI::createSoundInternal             : Create name='', mode=0x02000202
[LOG] SystemI::createSoundInternal             : exinfo->cbsize             = 224
[LOG] SystemI::createSoundInternal             : exinfo->length             = 57696
[LOG] SystemI::createSoundInternal             : exinfo->fileoffset         = 7776
[LOG] SystemI::createSoundInternal             : exinfo->numsubsounds       = 1
[LOG] SystemI::createSoundInternal             : exinfo->inclusionlist      = 00000027C347F508
[LOG] SystemI::createSoundInternal             : exinfo->inclusionlistnum   = 1
[LOG] SystemI::createSoundInternal             : exinfo->suggestedsoundtype = 5
[LOG] SystemI::createSoundInternal             : exinfo->useropen           = 00007FFD4C74F920
[LOG] SystemI::createSoundInternal             : exinfo->userclose          = 00007FFD4C74F8F0
[LOG] SystemI::createSoundInternal             : exinfo->userread           = 00007FFD4C74F9F0
[LOG] SystemI::createSoundInternal             : exinfo->userseek           = 00007FFD4C74FAB0
[LOG] SystemI::createSoundInternal             : exinfo->fileuserdata       = 000001421CA506C8
[LOG] SystemI::createSoundInternal             : exinfo->initialseekpostype = 1
[LOG] SystemI::DSPCodecPoolRegister            : register codec pool for pool type 5
[LOG] SystemI::createSoundInternal             : Sample 0/1: name='SpankLikeHit8', format=5, channels=2, frequency=48000, lengthbytes=3968, lengthpcm=29760, pcmblocksize=0, loopstart=0, loopend=0, mode=0x00000000, channelmask=0x00000000, channelorder=0, peakvolume=0.917145.
[LOG] SystemI::createSoundInternal             : Create name='', mode=0x02000202
[LOG] SystemI::createSoundInternal             : exinfo->cbsize             = 224
[LOG] SystemI::createSoundInternal             : exinfo->length             = 57696
[LOG] SystemI::createSoundInternal             : exinfo->fileoffset         = 7776
[LOG] SystemI::createSoundInternal             : exinfo->numsubsounds       = 1
[LOG] SystemI::createSoundInternal             : exinfo->inclusionlist      = 00000027C347F508
[LOG] SystemI::createSoundInternal             : exinfo->inclusionlistnum   = 1
[LOG] SystemI::createSoundInternal             : exinfo->suggestedsoundtype = 5
[LOG] SystemI::createSoundInternal             : exinfo->useropen           = 00007FFD4C74F920
[LOG] SystemI::createSoundInternal             : exinfo->userclose          = 00007FFD4C74F8F0
[LOG] SystemI::createSoundInternal             : exinfo->userread           = 00007FFD4C74F9F0
[LOG] SystemI::createSoundInternal             : exinfo->userseek           = 00007FFD4C74FAB0
[LOG] SystemI::createSoundInternal             : exinfo->fileuserdata       = 000001421CA506C8
[LOG] SystemI::createSoundInternal             : exinfo->initialseekpostype = 1
[LOG] SystemI::DSPCodecPoolRegister            : register codec pool for pool type 5
[LOG] SystemI::createSoundInternal             : Sample 0/1: name='SpankLikeHit7', format=5, channels=2, frequency=48000, lengthbytes=3808, lengthpcm=29760, pcmblocksize=0, loopstart=0, loopend=0, mode=0x00000000, channelmask=0x00000000, channelorder=0, peakvolume=0.964996.
[LOG] SystemI::createSoundInternal             : Create name='', mode=0x02000202
[LOG] SystemI::createSoundInternal             : exinfo->cbsize             = 224
[LOG] SystemI::createSoundInternal             : exinfo->length             = 57696
[LOG] SystemI::createSoundInternal             : exinfo->fileoffset         = 7776
[LOG] SystemI::createSoundInternal             : exinfo->numsubsounds       = 1
[LOG] SystemI::createSoundInternal             : exinfo->inclusionlist      = 00000027C347F508
[LOG] SystemI::createSoundInternal             : exinfo->inclusionlistnum   = 1
[LOG] SystemI::createSoundInternal             : exinfo->suggestedsoundtype = 5
[LOG] SystemI::createSoundInternal             : exinfo->useropen           = 00007FFD4C74F920
[LOG] SystemI::createSoundInternal             : exinfo->userclose          = 00007FFD4C74F8F0
[LOG] SystemI::createSoundInternal             : exinfo->userread           = 00007FFD4C74F9F0
[LOG] SystemI::createSoundInternal             : exinfo->userseek           = 00007FFD4C74FAB0
[LOG] SystemI::createSoundInternal             : exinfo->fileuserdata       = 000001421CA506C8
[LOG] SystemI::createSoundInternal             : exinfo->initialseekpostype = 1
[LOG] SystemI::DSPCodecPoolRegister            : register codec pool for pool type 5
[LOG] SystemI::createSoundInternal             : Sample 0/1: name='SpankLikeHit5', format=5, channels=2, frequency=48000, lengthbytes=5024, lengthpcm=29760, pcmblocksize=0, loopstart=0, loopend=0, mode=0x00000000, channelmask=0x00000000, channelorder=0, peakvolume=0.915802.
[LOG] SystemI::createSoundInternal             : Create name='', mode=0x02000202
[LOG] SystemI::createSoundInternal             : exinfo->cbsize             = 224
[LOG] SystemI::createSoundInternal             : exinfo->length             = 57696
[LOG] SystemI::createSoundInternal             : exinfo->fileoffset         = 7776
[LOG] SystemI::createSoundInternal             : exinfo->numsubsounds       = 1
[LOG] SystemI::createSoundInternal             : exinfo->inclusionlist      = 00000027C347F508
[LOG] SystemI::createSoundInternal             : exinfo->inclusionlistnum   = 1
[LOG] SystemI::createSoundInternal             : exinfo->suggestedsoundtype = 5
[LOG] SystemI::createSoundInternal             : exinfo->useropen           = 00007FFD4C74F920
[LOG] SystemI::createSoundInternal             : exinfo->userclose          = 00007FFD4C74F8F0
[LOG] SystemI::createSoundInternal             : exinfo->userread           = 00007FFD4C74F9F0
[LOG] SystemI::createSoundInternal             : exinfo->userseek           = 00007FFD4C74FAB0
[LOG] SystemI::createSoundInternal             : exinfo->fileuserdata       = 000001421CA506C8
[LOG] SystemI::createSoundInternal             : exinfo->initialseekpostype = 1
[LOG] SystemI::DSPCodecPoolRegister            : register codec pool for pool type 5
[LOG] SystemI::createSoundInternal             : Sample 0/1: name='SpankLikeHit0', format=5, channels=2, frequency=48000, lengthbytes=5440, lengthpcm=29760, pcmblocksize=0, loopstart=0, loopend=0, mode=0x00000000, channelmask=0x00000000, channelorder=0, peakvolume=0.867371.
[LOG] SystemI::createSoundInternal             : Create name='', mode=0x02000202
[LOG] SystemI::createSoundInternal             : exinfo->cbsize             = 224
[LOG] SystemI::createSoundInternal             : exinfo->length             = 57696
[LOG] SystemI::createSoundInternal             : exinfo->fileoffset         = 7776
[LOG] SystemI::createSoundInternal             : exinfo->numsubsounds       = 1
[LOG] SystemI::createSoundInternal             : exinfo->inclusionlist      = 00000027C347F508
[LOG] SystemI::createSoundInternal             : exinfo->inclusionlistnum   = 1
[LOG] SystemI::createSoundInternal             : exinfo->suggestedsoundtype = 5
[LOG] SystemI::createSoundInternal             : exinfo->useropen           = 00007FFD4C74F920
[LOG] SystemI::createSoundInternal             : exinfo->userclose          = 00007FFD4C74F8F0
[LOG] SystemI::createSoundInternal             : exinfo->userread           = 00007FFD4C74F9F0
[LOG] SystemI::createSoundInternal             : exinfo->userseek           = 00007FFD4C74FAB0
[LOG] SystemI::createSoundInternal             : exinfo->fileuserdata       = 000001421CA506C8
[LOG] SystemI::createSoundInternal             : exinfo->initialseekpostype = 1
[LOG] SystemI::DSPCodecPoolRegister            : register codec pool for pool type 5
[LOG] SystemI::createSoundInternal             : Sample 0/1: name='SpankLikeHit6', format=5, channels=2, frequency=48000, lengthbytes=4736, lengthpcm=29760, pcmblocksize=0, loopstart=0, loopend=0, mode=0x00000000, channelmask=0x00000000, channelorder=0, peakvolume=1.000000.
[LOG] SoundI::release                          :  (000001422056AFC8)
[LOG] SoundI::release                          :     Whoosh, Wood Stick, Heavy SND0419 (00000142176B0048)
[LOG] SoundI::release                          :  (000001422056AB78)
[LOG] SoundI::release                          :     Whoosh, Wood Stick, Heavy SND0419 1 (00000142176AFEA8)
[LOG] SoundI::release                          :  (000001422056B2A8)
[LOG] SoundI::release                          :     Whoosh, Wood Stick, Heavy SND0419 2 (00000142176AE168)
[LOG] SoundI::release                          :  (00000142DEE0E128)
[LOG] SoundI::release                          :     Whoosh, Wood Stick, Heavy SND0419 3 (00000142176AE988)
[LOG] SoundI::release                          :  (0000014304797238)
[LOG] SoundI::release                          :     SpankLikeHit0 (0000014241429D38)
[LOG] SoundI::release                          :  (000001422056A898)
[LOG] SoundI::release                          :     SpankLikeHit1 (00000142176B1A48)
[LOG] SoundI::release                          :  (000001422056B138)
[LOG] SoundI::release                          :     SpankLikeHit2 (00000142176B0BA8)
[LOG] SoundI::release                          :  (000001422056A728)
[LOG] SoundI::release                          :     SpankLikeHit3 (00000142176B1708)
[LOG] SoundI::release                          :  (000001422056AE58)
[LOG] SoundI::release                          :     SpankLikeHit4 (00000142176B1BE8)
[LOG] SoundI::release                          :  (0000014304797DB8)
[LOG] SoundI::release                          :     SpankLikeHit5 (00000142414284D8)
[LOG] SoundI::release                          :  (0000014304797968)
[LOG] SoundI::release                          :     SpankLikeHit6 (0000014241427158)
[LOG] SoundI::release                          :  (000001422056ACE8)
[LOG] SoundI::release                          :     SpankLikeHit7 (00000142176AF008)
[LOG] SoundI::release                          :  (000001422056AA08)
[LOG] SoundI::release                          :     SpankLikeHit8 (00000142176B1F28)
[LOG] SoundI::release                          :  (000001422056A5B8)
[LOG] SoundI::release                          :     SpankLikeHit9 (00000142176AEE68)
[LOG] Thread::callback                         : FMOD Studio update thread finished.
[LOG] Thread::callback                         : FMOD Studio bank load thread finished.
[LOG] Profile::disconnectAll                   : Profiler disconnecting all clients
[LOG] Thread::callback                         : FMOD Studio sample load thread finished.
[LOG] LiveUpdate::release                      : 
[LOG] LiveUpdate::reset                        : Reset connection (reason Disconnected)
[LOG] Thread::callback                         : FMOD stream thread finished.
[LOG] Thread::callback                         : FMOD mixer thread finished.
[LOG] Profile::disconnectAll                   : Profiler disconnecting all clients
[LOG] SystemI::close                           : Closed.
[LOG] Manager::readBank                        : fileversion = 141, compatVersion = 140 (oldest = 44, newest = 141)
[LOG] Manager::readBank                        : fileversion = 141, compatVersion = 140 (oldest = 44, newest = 141)
[LOG] Manager::readBank                        : fileversion = 141, compatVersion = 140 (oldest = 44, newest = 141)
[LOG] PlaybackSystem::acquireMasterBus         : Setting master channel group format to 6
[LOG] Thread::callback                         : FMOD Studio bank load thread finished.
[LOG] Thread::callback                         : FMOD Studio sample load thread finished.
[LOG] LiveUpdate::release                      : 
[LOG] LiveUpdate::reset                        : Reset connection (reason Disconnected)
[LOG] Thread::callback                         : FMOD stream thread finished.
[LOG] Thread::callback                         : FMOD mixer thread finished.
[LOG] SystemI::close                           : Closed.
